Arguments: 
  C:\Program Files\nodejs\node.exe C:\Users\admin\AppData\Roaming\npm\node_modules\yarn\bin\yarn.js run build

PATH: 
  C:\ProgramData\Oracle\Java\javapath;C:\Windows\system32;C:\Windows;C:\Windows\System32\Wbem;C:\Windows\System32\WindowsPowerShell\v1.0\;C:\Program Files\TortoiseSVN\bin;C:\Program Files (x86)\Microsoft SQL Server\100\Tools\Binn\;C:\Program Files (x86)\Microsoft SQL Server\100\DTS\Binn\;C:\Program Files (x86)\Microsoft SQL Server\100\Tools\Binn\VSShell\Common7\IDE\;C:\Program Files\Git\cmd;C:\Program Files\nodejs\;C:\Users\admin\bin\Sencha\Cmd;C:\Program Files\Microsoft VS Code\bin;C:\Users\admin\AppData\Roaming\npm;C:\Program Files\MongoDB\Server\3.6\bin

Yarn version: 
  1.5.1

Node version: 
  8.9.4

Platform: 
  win32 x64

npm manifest: 
  {
    "name": "simple-auth-app",
    "version": "1.0.0",
    "description": "A Simple Auth App",
    "license": "MIT",
    "main": "index.js",
    "dependencies": {
      "axios": "^0.18.0",
      "babel-preset-stage-2": "^6.24.1",
      "bcryptjs": "^2.4.3",
      "body-parser": "^1.17.2",
      "cors": "^2.8.4",
      "create-react-app": "^1.3.3",
      "express": "^4.15.3",
      "jsonwebtoken": "^7.4.1",
      "material-ui": "^0.18.1",
      "mongoose": "^4.10.4",
      "node-sass-chokidar": "0.0.3",
      "npm-run-all": "^4.1.1",
      "passport": "^0.3.2",
      "passport-local": "^1.0.0",
      "react": "^15.6.1",
      "react-dom": "^15.6.1",
      "react-router": "^4.1.2",
      "react-router-dom": "^4.1.2",
      "react-scripts": "1.0.10",
      "react-tap-event-plugin": "^2.0.1",
      "validator": "^7.0.0"
    },
    "devDependencies": {
      "babel-core": "^6.26.0",
      "babel-loader": "^7.1.3",
      "babel-plugin-transform-class-properties": "^6.24.1",
      "babel-plugin-transform-object-rest-spread": "^6.26.0",
      "babel-preset-env": "^1.6.1",
      "babel-preset-react": "^6.24.1",
      "copy-webpack-plugin": "^4.5.1",
      "css-loader": "^0.28.11",
      "html-loader": "^0.5.5",
      "html-webpack-plugin": "^3.0.6",
      "style-loader": "^0.20.3",
      "webpack": "^4.1.1",
      "webpack-cli": "^2.0.11",
      "webpack-dev-server": "^3.1.1"
    },
    "scripts": {
      "build": "webpack --mode production",
      "start": "webpack-dev-server --hot --inline --mode development --open"
    }
  }

yarn manifest: 
  No manifest

Lockfile: 
  No lockfile

Trace: 
  Error: Command failed.
  Exit code: 1
  Command: C:\Windows\system32\cmd.exe
  Arguments: /d /s /c webpack --mode production
  Directory: D:\Web_Workspace\light-bootstrap-dashboard-react
  Output:
  
      at ProcessTermError.MessageError (C:\Users\admin\AppData\Roaming\npm\node_modules\yarn\lib\cli.js:186:110)
      at new ProcessTermError (C:\Users\admin\AppData\Roaming\npm\node_modules\yarn\lib\cli.js:226:113)
      at ChildProcess.<anonymous> (C:\Users\admin\AppData\Roaming\npm\node_modules\yarn\lib\cli.js:30281:17)
      at emitTwo (events.js:126:13)
      at ChildProcess.emit (events.js:214:7)
      at maybeClose (internal/child_process.js:925:16)
      at Process.ChildProcess._handle.onexit (internal/child_process.js:209:5)
